<?xml version="1.0" encoding="UTF-8"?>
<testng-results skipped="0" failed="0" ignored="0" total="1" passed="1">
  <reporter-output>
  </reporter-output>
  <suite name="Suite" duration-ms="22828" started-at="2020-02-17T10:23:42Z" finished-at="2020-02-17T10:24:05Z">
    <groups>
    </groups>
    <test name="Test" duration-ms="22828" started-at="2020-02-17T10:23:42Z" finished-at="2020-02-17T10:24:05Z">
      <class name="com.shephertz.sample.testcases.GmailTest">
        <test-method status="PASS" signature="beforeTest()[pri:0, instance:com.shephertz.sample.testcases.GmailTest@523884b2]" name="beforeTest" is-config="true" duration-ms="12871" started-at="2020-02-17T15:53:42Z" finished-at="2020-02-17T15:53:55Z">
          <reporter-output>
          </reporter-output>
        </test-method> <!-- beforeTest -->
        <test-method status="PASS" signature="testLoginGmail()[pri:0, instance:com.shephertz.sample.testcases.GmailTest@523884b2]" name="testLoginGmail" duration-ms="9058" started-at="2020-02-17T15:53:55Z" finished-at="2020-02-17T15:54:04Z">
          <reporter-output>
          </reporter-output>
        </test-method> <!-- testLoginGmail -->
        <test-method status="PASS" signature="afterTest()[pri:0, instance:com.shephertz.sample.testcases.GmailTest@523884b2]" name="afterTest" is-config="true" duration-ms="828" started-at="2020-02-17T15:54:04Z" finished-at="2020-02-17T15:54:05Z">
          <reporter-output>
          </reporter-output>
        </test-method> <!-- afterTest -->
      </class> <!-- com.shephertz.sample.testcases.GmailTest -->
    </test> <!-- Test -->
  </suite> <!-- Suite -->
</testng-results>
